0 info it worked if it ends with ok
1 verbose cli [ '/Users/oidong/.nodebrew/current/bin/node',
1 verbose cli   '/Users/oidong/.nodebrew/current/bin/npm',
1 verbose cli   'install',
1 verbose cli   '--save-dev',
1 verbose cli   'gulp',
1 verbose cli   'gulp-coffee',
1 verbose cli   'gulp-watch',
1 verbose cli   '#util' ]
2 info using npm@1.3.11
3 info using node@v0.10.21
4 verbose node symlink /Users/oidong/.nodebrew/current/bin/node
5 warn package.json jstutor@0.0.1 No description
6 warn package.json jstutor@0.0.1 No repository field.
7 warn package.json jstutor@0.0.1 No README data
8 verbose readDependencies using package.json deps
9 verbose cache add [ 'gulp', null ]
10 verbose cache add name=undefined spec="gulp" args=["gulp",null]
11 verbose parsed url { protocol: null,
11 verbose parsed url   slashes: null,
11 verbose parsed url   auth: null,
11 verbose parsed url   host: null,
11 verbose parsed url   port: null,
11 verbose parsed url   hostname: null,
11 verbose parsed url   hash: null,
11 verbose parsed url   search: null,
11 verbose parsed url   query: null,
11 verbose parsed url   pathname: 'gulp',
11 verbose parsed url   path: 'gulp',
11 verbose parsed url   href: 'gulp' }
12 verbose cache add [ 'gulp-coffee', null ]
13 verbose cache add name=undefined spec="gulp-coffee" args=["gulp-coffee",null]
14 verbose parsed url { protocol: null,
14 verbose parsed url   slashes: null,
14 verbose parsed url   auth: null,
14 verbose parsed url   host: null,
14 verbose parsed url   port: null,
14 verbose parsed url   hostname: null,
14 verbose parsed url   hash: null,
14 verbose parsed url   search: null,
14 verbose parsed url   query: null,
14 verbose parsed url   pathname: 'gulp-coffee',
14 verbose parsed url   path: 'gulp-coffee',
14 verbose parsed url   href: 'gulp-coffee' }
15 verbose cache add [ 'gulp-watch', null ]
16 verbose cache add name=undefined spec="gulp-watch" args=["gulp-watch",null]
17 verbose parsed url { protocol: null,
17 verbose parsed url   slashes: null,
17 verbose parsed url   auth: null,
17 verbose parsed url   host: null,
17 verbose parsed url   port: null,
17 verbose parsed url   hostname: null,
17 verbose parsed url   hash: null,
17 verbose parsed url   search: null,
17 verbose parsed url   query: null,
17 verbose parsed url   pathname: 'gulp-watch',
17 verbose parsed url   path: 'gulp-watch',
17 verbose parsed url   href: 'gulp-watch' }
18 verbose cache add [ '#util', null ]
19 verbose cache add name=undefined spec="#util" args=["#util",null]
20 verbose parsed url { protocol: null,
20 verbose parsed url   slashes: null,
20 verbose parsed url   auth: null,
20 verbose parsed url   host: null,
20 verbose parsed url   port: null,
20 verbose parsed url   hostname: null,
20 verbose parsed url   hash: '#util',
20 verbose parsed url   search: null,
20 verbose parsed url   query: null,
20 verbose parsed url   pathname: null,
20 verbose parsed url   path: null,
20 verbose parsed url   href: '#util' }
21 silly lockFile 9750c68d-gulp gulp
22 verbose lock gulp /Users/oidong/.npm/9750c68d-gulp.lock
23 silly lockFile 6c91f5e3-gulp-coffee gulp-coffee
24 verbose lock gulp-coffee /Users/oidong/.npm/6c91f5e3-gulp-coffee.lock
25 silly lockFile 4220564f-gulp-watch gulp-watch
26 verbose lock gulp-watch /Users/oidong/.npm/4220564f-gulp-watch.lock
27 silly lockFile 923a0fc0-util #util
28 verbose lock #util /Users/oidong/.npm/923a0fc0-util.lock
29 silly lockFile 9750c68d-gulp gulp
30 silly lockFile 9750c68d-gulp gulp
31 silly lockFile 6c91f5e3-gulp-coffee gulp-coffee
32 silly lockFile 6c91f5e3-gulp-coffee gulp-coffee
33 silly lockFile 4220564f-gulp-watch gulp-watch
34 silly lockFile 4220564f-gulp-watch gulp-watch
35 silly lockFile 923a0fc0-util #util
36 silly lockFile 923a0fc0-util #util
37 verbose addNamed [ 'gulp', '' ]
38 verbose addNamed [ null, '*' ]
39 silly lockFile 72f4391e-gulp gulp@
40 verbose lock gulp@ /Users/oidong/.npm/72f4391e-gulp.lock
41 verbose addNamed [ 'gulp-coffee', '' ]
42 verbose addNamed [ null, '*' ]
43 silly lockFile 38c555ff-gulp-coffee gulp-coffee@
44 verbose lock gulp-coffee@ /Users/oidong/.npm/38c555ff-gulp-coffee.lock
45 verbose addNamed [ 'gulp-watch', '' ]
46 verbose addNamed [ null, '*' ]
47 silly lockFile aa056385-gulp-watch gulp-watch@
48 verbose lock gulp-watch@ /Users/oidong/.npm/aa056385-gulp-watch.lock
49 verbose addNamed [ '#util', '' ]
50 verbose addNamed [ null, '*' ]
51 silly lockFile 427ee197-util #util@
52 verbose lock #util@ /Users/oidong/.npm/427ee197-util.lock
53 silly addNameRange { name: 'gulp', range: '*', hasData: false }
54 silly addNameRange { name: 'gulp-coffee', range: '*', hasData: false }
55 silly addNameRange { name: 'gulp-watch', range: '*', hasData: false }
56 silly addNameRange { name: '#util', range: '*', hasData: false }
57 verbose url raw #util
58 verbose url resolving [ 'https://registry.npmjs.org/', './%23util' ]
59 verbose url resolved https://registry.npmjs.org/%23util
60 info trying registry request attempt 1 at 13:59:50
61 http GET https://registry.npmjs.org/%23util
62 verbose url raw gulp
63 verbose url resolving [ 'https://registry.npmjs.org/', './gulp' ]
64 verbose url resolved https://registry.npmjs.org/gulp
65 info trying registry request attempt 1 at 13:59:50
66 verbose etag "CMWGE4SVCVATSZAQYL9GNZH3C"
67 http GET https://registry.npmjs.org/gulp
68 verbose url raw gulp-coffee
69 verbose url resolving [ 'https://registry.npmjs.org/', './gulp-coffee' ]
70 verbose url resolved https://registry.npmjs.org/gulp-coffee
71 info trying registry request attempt 1 at 13:59:50
72 verbose etag "5BJALQPRUAPIY3851Q458OV4X"
73 http GET https://registry.npmjs.org/gulp-coffee
74 verbose url raw gulp-watch
75 verbose url resolving [ 'https://registry.npmjs.org/', './gulp-watch' ]
76 verbose url resolved https://registry.npmjs.org/gulp-watch
77 info trying registry request attempt 1 at 13:59:50
78 verbose etag "ADJ8OXASR36DIHU8HY68069G"
79 http GET https://registry.npmjs.org/gulp-watch
80 http 304 https://registry.npmjs.org/gulp
81 silly registry.get cb [ 304,
81 silly registry.get   { date: 'Wed, 23 Jul 2014 04:59:50 GMT',
81 silly registry.get     server: 'Apache',
81 silly registry.get     via: '1.1 varnish',
81 silly registry.get     'last-modified': 'Wed, 23 Jul 2014 04:11:21 GMT',
81 silly registry.get     'cache-control': 'max-age=60',
81 silly registry.get     etag: '"CMWGE4SVCVATSZAQYL9GNZH3C"',
81 silly registry.get     'x-served-by': 'cache-ty68-TYO',
81 silly registry.get     'x-cache': 'HIT',
81 silly registry.get     'x-cache-hits': '9',
81 silly registry.get     'x-timer': 'S1406091590.634382,VS0,VE0',
81 silly registry.get     vary: 'Accept',
81 silly registry.get     'content-length': '0',
81 silly registry.get     'keep-alive': 'timeout=10, max=50',
81 silly registry.get     connection: 'Keep-Alive' } ]
82 verbose etag gulp from cache
83 silly addNameRange number 2 { name: 'gulp', range: '*', hasData: true }
84 silly addNameRange versions [ 'gulp',
84 silly addNameRange   [ '0.0.1',
84 silly addNameRange     '0.0.2',
84 silly addNameRange     '0.0.3',
84 silly addNameRange     '0.0.4',
84 silly addNameRange     '0.0.5',
84 silly addNameRange     '0.0.7',
84 silly addNameRange     '0.0.8',
84 silly addNameRange     '0.0.9',
84 silly addNameRange     '0.1.0',
84 silly addNameRange     '0.2.0',
84 silly addNameRange     '1.0.0',
84 silly addNameRange     '1.1.0',
84 silly addNameRange     '1.2.0',
84 silly addNameRange     '1.2.1',
84 silly addNameRange     '2.0.0',
84 silly addNameRange     '2.0.1',
84 silly addNameRange     '2.1.0',
84 silly addNameRange     '2.2.0',
84 silly addNameRange     '2.3.0',
84 silly addNameRange     '2.4.0',
84 silly addNameRange     '2.4.1',
84 silly addNameRange     '2.6.0',
84 silly addNameRange     '2.6.1',
84 silly addNameRange     '2.7.0',
84 silly addNameRange     '3.0.0',
84 silly addNameRange     '3.1.1',
84 silly addNameRange     '3.1.2',
84 silly addNameRange     '3.1.3',
84 silly addNameRange     '3.1.4',
84 silly addNameRange     '3.2.0',
84 silly addNameRange     '3.2.1',
84 silly addNameRange     '3.2.2',
84 silly addNameRange     '3.2.3',
84 silly addNameRange     '3.2.4',
84 silly addNameRange     '3.2.5',
84 silly addNameRange     '3.3.0',
84 silly addNameRange     '3.3.1',
84 silly addNameRange     '3.3.2',
84 silly addNameRange     '3.3.4',
84 silly addNameRange     '3.4.0',
84 silly addNameRange     '3.5.0',
84 silly addNameRange     '3.5.1',
84 silly addNameRange     '3.5.2',
84 silly addNameRange     '3.5.5',
84 silly addNameRange     '3.5.6',
84 silly addNameRange     '3.6.0',
84 silly addNameRange     '3.6.1',
84 silly addNameRange     '3.6.2',
84 silly addNameRange     '3.7.0',
84 silly addNameRange     '3.8.0',
84 silly addNameRange     '3.8.1',
84 silly addNameRange     '3.8.2',
84 silly addNameRange     '3.8.3',
84 silly addNameRange     '3.8.4',
84 silly addNameRange     '3.8.5',
84 silly addNameRange     '3.8.6' ] ]
85 verbose addNamed [ 'gulp', '3.8.6' ]
86 verbose addNamed [ '3.8.6', '3.8.6' ]
87 silly lockFile d9511ac3-gulp-3-8-6 gulp@3.8.6
88 verbose lock gulp@3.8.6 /Users/oidong/.npm/d9511ac3-gulp-3-8-6.lock
89 silly lockFile d9511ac3-gulp-3-8-6 gulp@3.8.6
90 silly lockFile d9511ac3-gulp-3-8-6 gulp@3.8.6
91 silly lockFile 72f4391e-gulp gulp@
92 silly lockFile 72f4391e-gulp gulp@
93 http 200 https://registry.npmjs.org/gulp-coffee
94 silly registry.get cb [ 200,
94 silly registry.get   { date: 'Wed, 23 Jul 2014 04:59:50 GMT',
94 silly registry.get     server: 'CouchDB/1.5.0 (Erlang OTP/R16B03)',
94 silly registry.get     etag: '"D6U2FGIIGFLUG93SAHIPGZ6DQ"',
94 silly registry.get     'content-type': 'application/json',
94 silly registry.get     'cache-control': 'max-age=60',
94 silly registry.get     'content-length': '23632',
94 silly registry.get     'accept-ranges': 'bytes',
94 silly registry.get     via: '1.1 varnish',
94 silly registry.get     age: '2487',
94 silly registry.get     'x-served-by': 'cache-ty67-TYO',
94 silly registry.get     'x-cache': 'MISS',
94 silly registry.get     'x-cache-hits': '0',
94 silly registry.get     'x-timer': 'S1406091590.632292,VS0,VE116',
94 silly registry.get     vary: 'Accept',
94 silly registry.get     'keep-alive': 'timeout=10, max=50',
94 silly registry.get     connection: 'Keep-Alive' } ]
95 http 404 https://registry.npmjs.org/%23util
96 silly registry.get cb [ 404,
96 silly registry.get   { date: 'Wed, 23 Jul 2014 04:59:50 GMT',
96 silly registry.get     server: 'CouchDB/1.5.0 (Erlang OTP/R16B03)',
96 silly registry.get     'content-type': 'application/json',
96 silly registry.get     'cache-control': 'max-age=0',
96 silly registry.get     'content-length': '52',
96 silly registry.get     'accept-ranges': 'bytes',
96 silly registry.get     via: '1.1 varnish',
96 silly registry.get     age: '0',
96 silly registry.get     'x-served-by': 'cache-ty68-TYO',
96 silly registry.get     'x-cache': 'MISS',
96 silly registry.get     'x-cache-hits': '0',
96 silly registry.get     'x-timer': 'S1406091590.626895,VS0,VE137',
96 silly registry.get     'keep-alive': 'timeout=10, max=50',
96 silly registry.get     connection: 'Keep-Alive' } ]
97 silly lockFile 427ee197-util #util@
98 silly lockFile 427ee197-util #util@
99 error 404 '%23util' is not in the npm registry.
99 error 404 You should bug the author to publish it
99 error 404
99 error 404 Note that you can also install from a
99 error 404 tarball, folder, or http url, or git url.
100 error System Darwin 13.3.0
101 error command "/Users/oidong/.nodebrew/current/bin/node" "/Users/oidong/.nodebrew/current/bin/npm" "install" "--save-dev" "gulp" "gulp-coffee" "gulp-watch" "#util"
102 error cwd /Users/oidong/Projects/jstutor
103 error node -v v0.10.21
104 error npm -v 1.3.11
105 error code E404
106 verbose exit [ 1, true ]
